d:\源代码备份\源代码_薛军_201702-201709\源代码_薛军_201702-201709\斗地主\doudz-南京最新版\doudz\x64\debug\vc120.pdb
d:\源代码备份\源代码_薛军_201702-201709\源代码_薛军_201702-201709\斗地主\doudz-南京最新版\doudz\x64\debug\vc120.idb
d:\源代码备份\源代码_薛军_201702-201709\源代码_薛军_201702-201709\斗地主\doudz-南京最新版\doudz\x64\debug\class.obj
d:\源代码备份\源代码_薛军_201702-201709\源代码_薛军_201702-201709\斗地主\doudz-南京最新版\doudz\x64\debug\jlw_time.obj
d:\源代码备份\源代码_薛军_201702-201709\源代码_薛军_201702-201709\斗地主\doudz-南京最新版\doudz\x64\debug\源.obj
d:\源代码备份\源代码_薛军_201702-201709\源代码_薛军_201702-201709\斗地主\doudz-南京最新版\x64\debug\doudz.ilk
d:\源代码备份\源代码_薛军_201702-201709\源代码_薛军_201702-201709\斗地主\doudz-南京最新版\x64\debug\doudz.exe
d:\源代码备份\源代码_薛军_201702-201709\源代码_薛军_201702-201709\斗地主\doudz-南京最新版\x64\debug\doudz.pdb
c:\users\asus\desktop\斗地主\斗地主\doudz-南京最新版\doudz\x64\debug\class.obj
c:\users\asus\desktop\斗地主\斗地主\doudz-南京最新版\doudz\x64\debug\jlw_time.obj
c:\users\asus\desktop\斗地主\斗地主\doudz-南京最新版\doudz\x64\debug\源.obj
c:\users\asus\desktop\斗地主\斗地主\doudz-南京最新版\doudz\x64\debug\vc120.idb
c:\users\asus\desktop\斗地主\斗地主\doudz-南京最新版\doudz\x64\debug\vc120.pdb
c:\users\asus\desktop\斗地主\斗地主\doudz-南京最新版\x64\debug\doudz.pdb
c:\users\asus\desktop\斗地主\斗地主\doudz-南京最新版\x64\debug\doudz.exe
c:\users\asus\desktop\斗地主\斗地主\doudz-南京最新版\x64\debug\doudz.ilk
c:\users\asus\desktop\斗地主\斗地主\doudz-南京最新版\doudz\x64\debug\doudz.tlog\cl.command.1.tlog
c:\users\asus\desktop\斗地主\斗地主\doudz-南京最新版\doudz\x64\debug\doudz.tlog\cl.read.1.tlog
c:\users\asus\desktop\斗地主\斗地主\doudz-南京最新版\doudz\x64\debug\doudz.tlog\cl.write.1.tlog
c:\users\asus\desktop\斗地主\斗地主\doudz-南京最新版\doudz\x64\debug\doudz.tlog\link.command.1.tlog
c:\users\asus\desktop\斗地主\斗地主\doudz-南京最新版\doudz\x64\debug\doudz.tlog\link.read.1.tlog
c:\users\asus\desktop\斗地主\斗地主\doudz-南京最新版\doudz\x64\debug\doudz.tlog\link.write.1.tlog
